DEBUG - 2025-06-18 01:22:35 --> Session: Class initialized using 'CodeIgniter\Session\Handlers\FileHandler' driver.
DEBUG - 2025-06-18 01:22:43 --> Session: Class initialized using 'CodeIgniter\Session\Handlers\FileHandler' driver.
INFO - 2025-06-18 01:22:43 --> Cart Class Initialized
DEBUG - 2025-06-18 01:22:49 --> Session: Class initialized using 'CodeIgniter\Session\Handlers\FileHandler' driver.
DEBUG - 2025-06-18 01:23:06 --> Session: Class initialized using 'CodeIgniter\Session\Handlers\FileHandler' driver.
INFO - 2025-06-18 01:23:06 --> Cart Class Initialized
DEBUG - 2025-06-18 01:23:09 --> Session: Class initialized using 'CodeIgniter\Session\Handlers\FileHandler' driver.
DEBUG - 2025-06-18 01:23:18 --> Session: Class initialized using 'CodeIgniter\Session\Handlers\FileHandler' driver.
INFO - 2025-06-18 01:23:21 --> CSRF token verified.
DEBUG - 2025-06-18 01:23:21 --> Session: Class initialized using 'CodeIgniter\Session\Handlers\FileHandler' driver.
INFO - 2025-06-18 01:23:21 --> Cart Class Initialized
DEBUG - 2025-06-18 01:23:21 --> Session: Class initialized using 'CodeIgniter\Session\Handlers\FileHandler' driver.
INFO - 2025-06-18 01:23:21 --> Cart Class Initialized
DEBUG - 2025-06-18 01:23:26 --> Session: Class initialized using 'CodeIgniter\Session\Handlers\FileHandler' driver.
DEBUG - 2025-06-18 01:23:30 --> Session: Class initialized using 'CodeIgniter\Session\Handlers\FileHandler' driver.
INFO - 2025-06-18 01:23:32 --> CSRF token verified.
DEBUG - 2025-06-18 01:23:32 --> Session: Class initialized using 'CodeIgniter\Session\Handlers\FileHandler' driver.
INFO - 2025-06-18 01:23:32 --> Cart Class Initialized
DEBUG - 2025-06-18 01:23:32 --> Session: Class initialized using 'CodeIgniter\Session\Handlers\FileHandler' driver.
INFO - 2025-06-18 01:23:32 --> Cart Class Initialized
DEBUG - 2025-06-18 01:24:16 --> Session: Class initialized using 'CodeIgniter\Session\Handlers\FileHandler' driver.
INFO - 2025-06-18 01:24:24 --> CSRF token verified.
DEBUG - 2025-06-18 01:24:24 --> Session: Class initialized using 'CodeIgniter\Session\Handlers\FileHandler' driver.
ERROR - 2025-06-18 01:24:25 --> mysqli_sql_exception: Unknown column 'id_usuario' in 'field list' in C:\xampp\htdocs\proyecto_GonzalezMauro_GomezClara\system\Database\MySQLi\Connection.php:327
Stack trace:
#0 C:\xampp\htdocs\proyecto_GonzalezMauro_GomezClara\system\Database\MySQLi\Connection.php(327): mysqli->query('SELECT `id_usua...', 0)
#1 C:\xampp\htdocs\proyecto_GonzalezMauro_GomezClara\system\Database\BaseConnection.php(738): CodeIgniter\Database\MySQLi\Connection->execute('SELECT `id_usua...')
#2 C:\xampp\htdocs\proyecto_GonzalezMauro_GomezClara\system\Database\BaseConnection.php(652): CodeIgniter\Database\BaseConnection->simpleQuery('SELECT `id_usua...')
#3 C:\xampp\htdocs\proyecto_GonzalezMauro_GomezClara\system\Database\BaseBuilder.php(1649): CodeIgniter\Database\BaseConnection->query('SELECT `id_usua...', Array, false)
#4 C:\xampp\htdocs\proyecto_GonzalezMauro_GomezClara\system\Model.php(330): CodeIgniter\Database\BaseBuilder->get()
#5 C:\xampp\htdocs\proyecto_GonzalezMauro_GomezClara\system\BaseModel.php(713): CodeIgniter\Model->doFirst()
#6 C:\xampp\htdocs\proyecto_GonzalezMauro_GomezClara\app\Models\UsuariosModel.php(30): CodeIgniter\BaseModel->first()
#7 C:\xampp\htdocs\proyecto_GonzalezMauro_GomezClara\app\Controllers\IniciarSesionController.php(28): App\Models\UsuariosModel->validarUsuario('claragomez968@g...', '12345')
#8 C:\xampp\htdocs\proyecto_GonzalezMauro_GomezClara\system\CodeIgniter.php(933): App\Controllers\IniciarSesionController->autenticar()
#9 C:\xampp\htdocs\proyecto_GonzalezMauro_GomezClara\system\CodeIgniter.php(507): CodeIgniter\CodeIgniter->runController(Object(App\Controllers\IniciarSesionController))
#10 C:\xampp\htdocs\proyecto_GonzalezMauro_GomezClara\system\CodeIgniter.php(354): CodeIgniter\CodeIgniter->handleRequest(NULL, Object(Config\Cache), false)
#11 C:\xampp\htdocs\proyecto_GonzalezMauro_GomezClara\system\Boot.php(334): CodeIgniter\CodeIgniter->run()
#12 C:\xampp\htdocs\proyecto_GonzalezMauro_GomezClara\system\Boot.php(67): CodeIgniter\Boot::runCodeIgniter(Object(CodeIgniter\CodeIgniter))
#13 C:\xampp\htdocs\proyecto_GonzalezMauro_GomezClara\index.php(56): CodeIgniter\Boot::bootWeb(Object(Config\Paths))
#14 {main}
CRITICAL - 2025-06-18 01:24:25 --> CodeIgniter\Database\Exceptions\DatabaseException: Unknown column 'id_usuario' in 'field list'
[Method: POST, Route: autenticar]
in SYSTEMPATH\Database\BaseConnection.php on line 692.
 1 SYSTEMPATH\Database\BaseBuilder.php(1649): CodeIgniter\Database\BaseConnection->query('SELECT `id_usuario`, `email`, `pass`, `nombre`, `rol`
FROM `usuarios`
WHERE `email` = :email:
AND `activo` = :activo:
 LIMIT 1', [...], false)
 2 SYSTEMPATH\Model.php(330): CodeIgniter\Database\BaseBuilder->get()
 3 SYSTEMPATH\BaseModel.php(713): CodeIgniter\Model->doFirst()
 4 APPPATH\Models\UsuariosModel.php(30): CodeIgniter\BaseModel->first()
 5 APPPATH\Controllers\IniciarSesionController.php(28): App\Models\UsuariosModel->validarUsuario('claragomez968@gmail.com', '12345')
 6 SYSTEMPATH\CodeIgniter.php(933): App\Controllers\IniciarSesionController->autenticar()
 7 SYSTEMPATH\CodeIgniter.php(507): CodeIgniter\CodeIgniter->runController(Object(App\Controllers\IniciarSesionController))
 8 SYSTEMPATH\CodeIgniter.php(354): CodeIgniter\CodeIgniter->handleRequest(null, Object(Config\Cache), false)
 9 SYSTEMPATH\Boot.php(334): CodeIgniter\CodeIgniter->run()
10 SYSTEMPATH\Boot.php(67): CodeIgniter\Boot::runCodeIgniter(Object(CodeIgniter\CodeIgniter))
11 FCPATH\index.php(56): CodeIgniter\Boot::bootWeb(Object(Config\Paths))
CRITICAL - 2025-06-18 01:24:25 --> [Caused by] CodeIgniter\Database\Exceptions\DatabaseException: Unknown column 'id_usuario' in 'field list'
in SYSTEMPATH\Database\MySQLi\Connection.php on line 332.
 1 SYSTEMPATH\Database\BaseConnection.php(738): CodeIgniter\Database\MySQLi\Connection->execute('SELECT `id_usuario`, `email`, `pass`, `nombre`, `rol`
FROM `usuarios`
WHERE `email` = \'claragomez968@gmail.com\'
AND `activo` = 1
 LIMIT 1')
 2 SYSTEMPATH\Database\BaseConnection.php(652): CodeIgniter\Database\BaseConnection->simpleQuery('SELECT `id_usuario`, `email`, `pass`, `nombre`, `rol`
FROM `usuarios`
WHERE `email` = \'claragomez968@gmail.com\'
AND `activo` = 1
 LIMIT 1')
 3 SYSTEMPATH\Database\BaseBuilder.php(1649): CodeIgniter\Database\BaseConnection->query('SELECT `id_usuario`, `email`, `pass`, `nombre`, `rol`
FROM `usuarios`
WHERE `email` = :email:
AND `activo` = :activo:
 LIMIT 1', [...], false)
 4 SYSTEMPATH\Model.php(330): CodeIgniter\Database\BaseBuilder->get()
 5 SYSTEMPATH\BaseModel.php(713): CodeIgniter\Model->doFirst()
 6 APPPATH\Models\UsuariosModel.php(30): CodeIgniter\BaseModel->first()
 7 APPPATH\Controllers\IniciarSesionController.php(28): App\Models\UsuariosModel->validarUsuario('claragomez968@gmail.com', '12345')
 8 SYSTEMPATH\CodeIgniter.php(933): App\Controllers\IniciarSesionController->autenticar()
 9 SYSTEMPATH\CodeIgniter.php(507): CodeIgniter\CodeIgniter->runController(Object(App\Controllers\IniciarSesionController))
10 SYSTEMPATH\CodeIgniter.php(354): CodeIgniter\CodeIgniter->handleRequest(null, Object(Config\Cache), false)
11 SYSTEMPATH\Boot.php(334): CodeIgniter\CodeIgniter->run()
12 SYSTEMPATH\Boot.php(67): CodeIgniter\Boot::runCodeIgniter(Object(CodeIgniter\CodeIgniter))
13 FCPATH\index.php(56): CodeIgniter\Boot::bootWeb(Object(Config\Paths))
CRITICAL - 2025-06-18 01:24:25 --> [Caused by] mysqli_sql_exception: Unknown column 'id_usuario' in 'field list'
in SYSTEMPATH\Database\MySQLi\Connection.php on line 327.
 1 SYSTEMPATH\Database\MySQLi\Connection.php(327): mysqli->query('SELECT `id_usuario`, `email`, `pass`, `nombre`, `rol`
FROM `usuarios`
WHERE `email` = \'claragomez968@gmail.com\'
AND `activo` = 1
 LIMIT 1', 0)
 2 SYSTEMPATH\Database\BaseConnection.php(738): CodeIgniter\Database\MySQLi\Connection->execute('SELECT `id_usuario`, `email`, `pass`, `nombre`, `rol`
FROM `usuarios`
WHERE `email` = \'claragomez968@gmail.com\'
AND `activo` = 1
 LIMIT 1')
 3 SYSTEMPATH\Database\BaseConnection.php(652): CodeIgniter\Database\BaseConnection->simpleQuery('SELECT `id_usuario`, `email`, `pass`, `nombre`, `rol`
FROM `usuarios`
WHERE `email` = \'claragomez968@gmail.com\'
AND `activo` = 1
 LIMIT 1')
 4 SYSTEMPATH\Database\BaseBuilder.php(1649): CodeIgniter\Database\BaseConnection->query('SELECT `id_usuario`, `email`, `pass`, `nombre`, `rol`
FROM `usuarios`
WHERE `email` = :email:
AND `activo` = :activo:
 LIMIT 1', [...], false)
 5 SYSTEMPATH\Model.php(330): CodeIgniter\Database\BaseBuilder->get()
 6 SYSTEMPATH\BaseModel.php(713): CodeIgniter\Model->doFirst()
 7 APPPATH\Models\UsuariosModel.php(30): CodeIgniter\BaseModel->first()
 8 APPPATH\Controllers\IniciarSesionController.php(28): App\Models\UsuariosModel->validarUsuario('claragomez968@gmail.com', '12345')
 9 SYSTEMPATH\CodeIgniter.php(933): App\Controllers\IniciarSesionController->autenticar()
10 SYSTEMPATH\CodeIgniter.php(507): CodeIgniter\CodeIgniter->runController(Object(App\Controllers\IniciarSesionController))
11 SYSTEMPATH\CodeIgniter.php(354): CodeIgniter\CodeIgniter->handleRequest(null, Object(Config\Cache), false)
12 SYSTEMPATH\Boot.php(334): CodeIgniter\CodeIgniter->run()
13 SYSTEMPATH\Boot.php(67): CodeIgniter\Boot::runCodeIgniter(Object(CodeIgniter\CodeIgniter))
14 FCPATH\index.php(56): CodeIgniter\Boot::bootWeb(Object(Config\Paths))
INFO - 2025-06-18 01:24:35 --> CSRF token verified.
DEBUG - 2025-06-18 01:24:35 --> Session: Class initialized using 'CodeIgniter\Session\Handlers\FileHandler' driver.
ERROR - 2025-06-18 01:24:35 --> mysqli_sql_exception: Unknown column 'id_usuario' in 'field list' in C:\xampp\htdocs\proyecto_GonzalezMauro_GomezClara\system\Database\MySQLi\Connection.php:327
Stack trace:
#0 C:\xampp\htdocs\proyecto_GonzalezMauro_GomezClara\system\Database\MySQLi\Connection.php(327): mysqli->query('SELECT `id_usua...', 0)
#1 C:\xampp\htdocs\proyecto_GonzalezMauro_GomezClara\system\Database\BaseConnection.php(738): CodeIgniter\Database\MySQLi\Connection->execute('SELECT `id_usua...')
#2 C:\xampp\htdocs\proyecto_GonzalezMauro_GomezClara\system\Database\BaseConnection.php(652): CodeIgniter\Database\BaseConnection->simpleQuery('SELECT `id_usua...')
#3 C:\xampp\htdocs\proyecto_GonzalezMauro_GomezClara\system\Database\BaseBuilder.php(1649): CodeIgniter\Database\BaseConnection->query('SELECT `id_usua...', Array, false)
#4 C:\xampp\htdocs\proyecto_GonzalezMauro_GomezClara\system\Model.php(330): CodeIgniter\Database\BaseBuilder->get()
#5 C:\xampp\htdocs\proyecto_GonzalezMauro_GomezClara\system\BaseModel.php(713): CodeIgniter\Model->doFirst()
#6 C:\xampp\htdocs\proyecto_GonzalezMauro_GomezClara\app\Models\UsuariosModel.php(30): CodeIgniter\BaseModel->first()
#7 C:\xampp\htdocs\proyecto_GonzalezMauro_GomezClara\app\Controllers\IniciarSesionController.php(28): App\Models\UsuariosModel->validarUsuario('claragomez968@g...', '12345')
#8 C:\xampp\htdocs\proyecto_GonzalezMauro_GomezClara\system\CodeIgniter.php(933): App\Controllers\IniciarSesionController->autenticar()
#9 C:\xampp\htdocs\proyecto_GonzalezMauro_GomezClara\system\CodeIgniter.php(507): CodeIgniter\CodeIgniter->runController(Object(App\Controllers\IniciarSesionController))
#10 C:\xampp\htdocs\proyecto_GonzalezMauro_GomezClara\system\CodeIgniter.php(354): CodeIgniter\CodeIgniter->handleRequest(NULL, Object(Config\Cache), false)
#11 C:\xampp\htdocs\proyecto_GonzalezMauro_GomezClara\system\Boot.php(334): CodeIgniter\CodeIgniter->run()
#12 C:\xampp\htdocs\proyecto_GonzalezMauro_GomezClara\system\Boot.php(67): CodeIgniter\Boot::runCodeIgniter(Object(CodeIgniter\CodeIgniter))
#13 C:\xampp\htdocs\proyecto_GonzalezMauro_GomezClara\index.php(56): CodeIgniter\Boot::bootWeb(Object(Config\Paths))
#14 {main}
CRITICAL - 2025-06-18 01:24:35 --> CodeIgniter\Database\Exceptions\DatabaseException: Unknown column 'id_usuario' in 'field list'
[Method: POST, Route: autenticar]
in SYSTEMPATH\Database\BaseConnection.php on line 692.
 1 SYSTEMPATH\Database\BaseBuilder.php(1649): CodeIgniter\Database\BaseConnection->query('SELECT `id_usuario`, `email`, `pass`, `nombre`, `rol`
FROM `usuarios`
WHERE `email` = :email:
AND `activo` = :activo:
 LIMIT 1', [...], false)
 2 SYSTEMPATH\Model.php(330): CodeIgniter\Database\BaseBuilder->get()
 3 SYSTEMPATH\BaseModel.php(713): CodeIgniter\Model->doFirst()
 4 APPPATH\Models\UsuariosModel.php(30): CodeIgniter\BaseModel->first()
 5 APPPATH\Controllers\IniciarSesionController.php(28): App\Models\UsuariosModel->validarUsuario('claragomez968@gmail.com', '12345')
 6 SYSTEMPATH\CodeIgniter.php(933): App\Controllers\IniciarSesionController->autenticar()
 7 SYSTEMPATH\CodeIgniter.php(507): CodeIgniter\CodeIgniter->runController(Object(App\Controllers\IniciarSesionController))
 8 SYSTEMPATH\CodeIgniter.php(354): CodeIgniter\CodeIgniter->handleRequest(null, Object(Config\Cache), false)
 9 SYSTEMPATH\Boot.php(334): CodeIgniter\CodeIgniter->run()
10 SYSTEMPATH\Boot.php(67): CodeIgniter\Boot::runCodeIgniter(Object(CodeIgniter\CodeIgniter))
11 FCPATH\index.php(56): CodeIgniter\Boot::bootWeb(Object(Config\Paths))
CRITICAL - 2025-06-18 01:24:35 --> [Caused by] CodeIgniter\Database\Exceptions\DatabaseException: Unknown column 'id_usuario' in 'field list'
in SYSTEMPATH\Database\MySQLi\Connection.php on line 332.
 1 SYSTEMPATH\Database\BaseConnection.php(738): CodeIgniter\Database\MySQLi\Connection->execute('SELECT `id_usuario`, `email`, `pass`, `nombre`, `rol`
FROM `usuarios`
WHERE `email` = \'claragomez968@gmail.com\'
AND `activo` = 1
 LIMIT 1')
 2 SYSTEMPATH\Database\BaseConnection.php(652): CodeIgniter\Database\BaseConnection->simpleQuery('SELECT `id_usuario`, `email`, `pass`, `nombre`, `rol`
FROM `usuarios`
WHERE `email` = \'claragomez968@gmail.com\'
AND `activo` = 1
 LIMIT 1')
 3 SYSTEMPATH\Database\BaseBuilder.php(1649): CodeIgniter\Database\BaseConnection->query('SELECT `id_usuario`, `email`, `pass`, `nombre`, `rol`
FROM `usuarios`
WHERE `email` = :email:
AND `activo` = :activo:
 LIMIT 1', [...], false)
 4 SYSTEMPATH\Model.php(330): CodeIgniter\Database\BaseBuilder->get()
 5 SYSTEMPATH\BaseModel.php(713): CodeIgniter\Model->doFirst()
 6 APPPATH\Models\UsuariosModel.php(30): CodeIgniter\BaseModel->first()
 7 APPPATH\Controllers\IniciarSesionController.php(28): App\Models\UsuariosModel->validarUsuario('claragomez968@gmail.com', '12345')
 8 SYSTEMPATH\CodeIgniter.php(933): App\Controllers\IniciarSesionController->autenticar()
 9 SYSTEMPATH\CodeIgniter.php(507): CodeIgniter\CodeIgniter->runController(Object(App\Controllers\IniciarSesionController))
10 SYSTEMPATH\CodeIgniter.php(354): CodeIgniter\CodeIgniter->handleRequest(null, Object(Config\Cache), false)
11 SYSTEMPATH\Boot.php(334): CodeIgniter\CodeIgniter->run()
12 SYSTEMPATH\Boot.php(67): CodeIgniter\Boot::runCodeIgniter(Object(CodeIgniter\CodeIgniter))
13 FCPATH\index.php(56): CodeIgniter\Boot::bootWeb(Object(Config\Paths))
CRITICAL - 2025-06-18 01:24:35 --> [Caused by] mysqli_sql_exception: Unknown column 'id_usuario' in 'field list'
in SYSTEMPATH\Database\MySQLi\Connection.php on line 327.
 1 SYSTEMPATH\Database\MySQLi\Connection.php(327): mysqli->query('SELECT `id_usuario`, `email`, `pass`, `nombre`, `rol`
FROM `usuarios`
WHERE `email` = \'claragomez968@gmail.com\'
AND `activo` = 1
 LIMIT 1', 0)
 2 SYSTEMPATH\Database\BaseConnection.php(738): CodeIgniter\Database\MySQLi\Connection->execute('SELECT `id_usuario`, `email`, `pass`, `nombre`, `rol`
FROM `usuarios`
WHERE `email` = \'claragomez968@gmail.com\'
AND `activo` = 1
 LIMIT 1')
 3 SYSTEMPATH\Database\BaseConnection.php(652): CodeIgniter\Database\BaseConnection->simpleQuery('SELECT `id_usuario`, `email`, `pass`, `nombre`, `rol`
FROM `usuarios`
WHERE `email` = \'claragomez968@gmail.com\'
AND `activo` = 1
 LIMIT 1')
 4 SYSTEMPATH\Database\BaseBuilder.php(1649): CodeIgniter\Database\BaseConnection->query('SELECT `id_usuario`, `email`, `pass`, `nombre`, `rol`
FROM `usuarios`
WHERE `email` = :email:
AND `activo` = :activo:
 LIMIT 1', [...], false)
 5 SYSTEMPATH\Model.php(330): CodeIgniter\Database\BaseBuilder->get()
 6 SYSTEMPATH\BaseModel.php(713): CodeIgniter\Model->doFirst()
 7 APPPATH\Models\UsuariosModel.php(30): CodeIgniter\BaseModel->first()
 8 APPPATH\Controllers\IniciarSesionController.php(28): App\Models\UsuariosModel->validarUsuario('claragomez968@gmail.com', '12345')
 9 SYSTEMPATH\CodeIgniter.php(933): App\Controllers\IniciarSesionController->autenticar()
10 SYSTEMPATH\CodeIgniter.php(507): CodeIgniter\CodeIgniter->runController(Object(App\Controllers\IniciarSesionController))
11 SYSTEMPATH\CodeIgniter.php(354): CodeIgniter\CodeIgniter->handleRequest(null, Object(Config\Cache), false)
12 SYSTEMPATH\Boot.php(334): CodeIgniter\CodeIgniter->run()
13 SYSTEMPATH\Boot.php(67): CodeIgniter\Boot::runCodeIgniter(Object(CodeIgniter\CodeIgniter))
14 FCPATH\index.php(56): CodeIgniter\Boot::bootWeb(Object(Config\Paths))
INFO - 2025-06-18 01:25:42 --> CSRF token verified.
DEBUG - 2025-06-18 01:25:42 --> Session: Class initialized using 'CodeIgniter\Session\Handlers\FileHandler' driver.
DEBUG - 2025-06-18 01:25:43 --> Session: Class initialized using 'CodeIgniter\Session\Handlers\FileHandler' driver.
DEBUG - 2025-06-18 01:26:55 --> Session: Class initialized using 'CodeIgniter\Session\Handlers\FileHandler' driver.
INFO - 2025-06-18 01:26:55 --> Cart Class Initialized
ERROR - 2025-06-18 01:26:55 --> mysqli_sql_exception: Unknown column 'id_usuario' in 'where clause' in C:\xampp\htdocs\proyecto_GonzalezMauro_GomezClara\system\Database\MySQLi\Connection.php:327
Stack trace:
#0 C:\xampp\htdocs\proyecto_GonzalezMauro_GomezClara\system\Database\MySQLi\Connection.php(327): mysqli->query('SELECT *\nFROM `...', 0)
#1 C:\xampp\htdocs\proyecto_GonzalezMauro_GomezClara\system\Database\BaseConnection.php(738): CodeIgniter\Database\MySQLi\Connection->execute('SELECT *\nFROM `...')
#2 C:\xampp\htdocs\proyecto_GonzalezMauro_GomezClara\system\Database\BaseConnection.php(652): CodeIgniter\Database\BaseConnection->simpleQuery('SELECT *\nFROM `...')
#3 C:\xampp\htdocs\proyecto_GonzalezMauro_GomezClara\system\Database\BaseBuilder.php(1649): CodeIgniter\Database\BaseConnection->query('SELECT *\nFROM `...', Array, false)
#4 C:\xampp\htdocs\proyecto_GonzalezMauro_GomezClara\system\Model.php(286): CodeIgniter\Database\BaseBuilder->get()
#5 C:\xampp\htdocs\proyecto_GonzalezMauro_GomezClara\system\BaseModel.php(675): CodeIgniter\Model->doFindAll(0, 0)
#6 C:\xampp\htdocs\proyecto_GonzalezMauro_GomezClara\app\Controllers\CarritoController.php(117): CodeIgniter\BaseModel->findAll()
#7 C:\xampp\htdocs\proyecto_GonzalezMauro_GomezClara\system\CodeIgniter.php(933): App\Controllers\CarritoController->verCarrito()
#8 C:\xampp\htdocs\proyecto_GonzalezMauro_GomezClara\system\CodeIgniter.php(507): CodeIgniter\CodeIgniter->runController(Object(App\Controllers\CarritoController))
#9 C:\xampp\htdocs\proyecto_GonzalezMauro_GomezClara\system\CodeIgniter.php(354): CodeIgniter\CodeIgniter->handleRequest(NULL, Object(Config\Cache), false)
#10 C:\xampp\htdocs\proyecto_GonzalezMauro_GomezClara\system\Boot.php(334): CodeIgniter\CodeIgniter->run()
#11 C:\xampp\htdocs\proyecto_GonzalezMauro_GomezClara\system\Boot.php(67): CodeIgniter\Boot::runCodeIgniter(Object(CodeIgniter\CodeIgniter))
#12 C:\xampp\htdocs\proyecto_GonzalezMauro_GomezClara\index.php(56): CodeIgniter\Boot::bootWeb(Object(Config\Paths))
#13 {main}
CRITICAL - 2025-06-18 01:26:55 --> CodeIgniter\Database\Exceptions\DatabaseException: Unknown column 'id_usuario' in 'where clause'
[Method: GET, Route: carrito]
in SYSTEMPATH\Database\BaseConnection.php on line 692.
 1 SYSTEMPATH\Database\BaseBuilder.php(1649): CodeIgniter\Database\BaseConnection->query('SELECT *
FROM `carrito`
WHERE `id_usuario` = :id_usuario:', [...], false)
 2 SYSTEMPATH\Model.php(286): CodeIgniter\Database\BaseBuilder->get()
 3 SYSTEMPATH\BaseModel.php(675): CodeIgniter\Model->doFindAll(0, 0)
 4 APPPATH\Controllers\CarritoController.php(117): CodeIgniter\BaseModel->findAll()
 5 SYSTEMPATH\CodeIgniter.php(933): App\Controllers\CarritoController->verCarrito()
 6 SYSTEMPATH\CodeIgniter.php(507): CodeIgniter\CodeIgniter->runController(Object(App\Controllers\CarritoController))
 7 SYSTEMPATH\CodeIgniter.php(354): CodeIgniter\CodeIgniter->handleRequest(null, Object(Config\Cache), false)
 8 SYSTEMPATH\Boot.php(334): CodeIgniter\CodeIgniter->run()
 9 SYSTEMPATH\Boot.php(67): CodeIgniter\Boot::runCodeIgniter(Object(CodeIgniter\CodeIgniter))
10 FCPATH\index.php(56): CodeIgniter\Boot::bootWeb(Object(Config\Paths))
CRITICAL - 2025-06-18 01:26:55 --> [Caused by] CodeIgniter\Database\Exceptions\DatabaseException: Unknown column 'id_usuario' in 'where clause'
in SYSTEMPATH\Database\MySQLi\Connection.php on line 332.
 1 SYSTEMPATH\Database\BaseConnection.php(738): CodeIgniter\Database\MySQLi\Connection->execute('SELECT *
FROM `carrito`
WHERE `id_usuario` = \'4\'')
 2 SYSTEMPATH\Database\BaseConnection.php(652): CodeIgniter\Database\BaseConnection->simpleQuery('SELECT *
FROM `carrito`
WHERE `id_usuario` = \'4\'')
 3 SYSTEMPATH\Database\BaseBuilder.php(1649): CodeIgniter\Database\BaseConnection->query('SELECT *
FROM `carrito`
WHERE `id_usuario` = :id_usuario:', [...], false)
 4 SYSTEMPATH\Model.php(286): CodeIgniter\Database\BaseBuilder->get()
 5 SYSTEMPATH\BaseModel.php(675): CodeIgniter\Model->doFindAll(0, 0)
 6 APPPATH\Controllers\CarritoController.php(117): CodeIgniter\BaseModel->findAll()
 7 SYSTEMPATH\CodeIgniter.php(933): App\Controllers\CarritoController->verCarrito()
 8 SYSTEMPATH\CodeIgniter.php(507): CodeIgniter\CodeIgniter->runController(Object(App\Controllers\CarritoController))
 9 SYSTEMPATH\CodeIgniter.php(354): CodeIgniter\CodeIgniter->handleRequest(null, Object(Config\Cache), false)
10 SYSTEMPATH\Boot.php(334): CodeIgniter\CodeIgniter->run()
11 SYSTEMPATH\Boot.php(67): CodeIgniter\Boot::runCodeIgniter(Object(CodeIgniter\CodeIgniter))
12 FCPATH\index.php(56): CodeIgniter\Boot::bootWeb(Object(Config\Paths))
CRITICAL - 2025-06-18 01:26:55 --> [Caused by] mysqli_sql_exception: Unknown column 'id_usuario' in 'where clause'
in SYSTEMPATH\Database\MySQLi\Connection.php on line 327.
 1 SYSTEMPATH\Database\MySQLi\Connection.php(327): mysqli->query('SELECT *
FROM `carrito`
WHERE `id_usuario` = \'4\'', 0)
 2 SYSTEMPATH\Database\BaseConnection.php(738): CodeIgniter\Database\MySQLi\Connection->execute('SELECT *
FROM `carrito`
WHERE `id_usuario` = \'4\'')
 3 SYSTEMPATH\Database\BaseConnection.php(652): CodeIgniter\Database\BaseConnection->simpleQuery('SELECT *
FROM `carrito`
WHERE `id_usuario` = \'4\'')
 4 SYSTEMPATH\Database\BaseBuilder.php(1649): CodeIgniter\Database\BaseConnection->query('SELECT *
FROM `carrito`
WHERE `id_usuario` = :id_usuario:', [...], false)
 5 SYSTEMPATH\Model.php(286): CodeIgniter\Database\BaseBuilder->get()
 6 SYSTEMPATH\BaseModel.php(675): CodeIgniter\Model->doFindAll(0, 0)
 7 APPPATH\Controllers\CarritoController.php(117): CodeIgniter\BaseModel->findAll()
 8 SYSTEMPATH\CodeIgniter.php(933): App\Controllers\CarritoController->verCarrito()
 9 SYSTEMPATH\CodeIgniter.php(507): CodeIgniter\CodeIgniter->runController(Object(App\Controllers\CarritoController))
10 SYSTEMPATH\CodeIgniter.php(354): CodeIgniter\CodeIgniter->handleRequest(null, Object(Config\Cache), false)
11 SYSTEMPATH\Boot.php(334): CodeIgniter\CodeIgniter->run()
12 SYSTEMPATH\Boot.php(67): CodeIgniter\Boot::runCodeIgniter(Object(CodeIgniter\CodeIgniter))
13 FCPATH\index.php(56): CodeIgniter\Boot::bootWeb(Object(Config\Paths))
DEBUG - 2025-06-18 01:27:12 --> Session: Class initialized using 'CodeIgniter\Session\Handlers\FileHandler' driver.
DEBUG - 2025-06-18 01:27:35 --> Session: Class initialized using 'CodeIgniter\Session\Handlers\FileHandler' driver.
INFO - 2025-06-18 01:27:35 --> Cart Class Initialized
ERROR - 2025-06-18 01:27:35 --> mysqli_sql_exception: Unknown column 'id_usuario' in 'where clause' in C:\xampp\htdocs\proyecto_GonzalezMauro_GomezClara\system\Database\MySQLi\Connection.php:327
Stack trace:
#0 C:\xampp\htdocs\proyecto_GonzalezMauro_GomezClara\system\Database\MySQLi\Connection.php(327): mysqli->query('SELECT *\nFROM `...', 0)
#1 C:\xampp\htdocs\proyecto_GonzalezMauro_GomezClara\system\Database\BaseConnection.php(738): CodeIgniter\Database\MySQLi\Connection->execute('SELECT *\nFROM `...')
#2 C:\xampp\htdocs\proyecto_GonzalezMauro_GomezClara\system\Database\BaseConnection.php(652): CodeIgniter\Database\BaseConnection->simpleQuery('SELECT *\nFROM `...')
#3 C:\xampp\htdocs\proyecto_GonzalezMauro_GomezClara\system\Database\BaseBuilder.php(1649): CodeIgniter\Database\BaseConnection->query('SELECT *\nFROM `...', Array, false)
#4 C:\xampp\htdocs\proyecto_GonzalezMauro_GomezClara\system\Model.php(286): CodeIgniter\Database\BaseBuilder->get()
#5 C:\xampp\htdocs\proyecto_GonzalezMauro_GomezClara\system\BaseModel.php(675): CodeIgniter\Model->doFindAll(0, 0)
#6 C:\xampp\htdocs\proyecto_GonzalezMauro_GomezClara\app\Controllers\CarritoController.php(117): CodeIgniter\BaseModel->findAll()
#7 C:\xampp\htdocs\proyecto_GonzalezMauro_GomezClara\system\CodeIgniter.php(933): App\Controllers\CarritoController->verCarrito()
#8 C:\xampp\htdocs\proyecto_GonzalezMauro_GomezClara\system\CodeIgniter.php(507): CodeIgniter\CodeIgniter->runController(Object(App\Controllers\CarritoController))
#9 C:\xampp\htdocs\proyecto_GonzalezMauro_GomezClara\system\CodeIgniter.php(354): CodeIgniter\CodeIgniter->handleRequest(NULL, Object(Config\Cache), false)
#10 C:\xampp\htdocs\proyecto_GonzalezMauro_GomezClara\system\Boot.php(334): CodeIgniter\CodeIgniter->run()
#11 C:\xampp\htdocs\proyecto_GonzalezMauro_GomezClara\system\Boot.php(67): CodeIgniter\Boot::runCodeIgniter(Object(CodeIgniter\CodeIgniter))
#12 C:\xampp\htdocs\proyecto_GonzalezMauro_GomezClara\index.php(56): CodeIgniter\Boot::bootWeb(Object(Config\Paths))
#13 {main}
CRITICAL - 2025-06-18 01:27:35 --> CodeIgniter\Database\Exceptions\DatabaseException: Unknown column 'id_usuario' in 'where clause'
[Method: GET, Route: carrito]
in SYSTEMPATH\Database\BaseConnection.php on line 692.
 1 SYSTEMPATH\Database\BaseBuilder.php(1649): CodeIgniter\Database\BaseConnection->query('SELECT *
FROM `carrito`
WHERE `id_usuario` = :id_usuario:', [...], false)
 2 SYSTEMPATH\Model.php(286): CodeIgniter\Database\BaseBuilder->get()
 3 SYSTEMPATH\BaseModel.php(675): CodeIgniter\Model->doFindAll(0, 0)
 4 APPPATH\Controllers\CarritoController.php(117): CodeIgniter\BaseModel->findAll()
 5 SYSTEMPATH\CodeIgniter.php(933): App\Controllers\CarritoController->verCarrito()
 6 SYSTEMPATH\CodeIgniter.php(507): CodeIgniter\CodeIgniter->runController(Object(App\Controllers\CarritoController))
 7 SYSTEMPATH\CodeIgniter.php(354): CodeIgniter\CodeIgniter->handleRequest(null, Object(Config\Cache), false)
 8 SYSTEMPATH\Boot.php(334): CodeIgniter\CodeIgniter->run()
 9 SYSTEMPATH\Boot.php(67): CodeIgniter\Boot::runCodeIgniter(Object(CodeIgniter\CodeIgniter))
10 FCPATH\index.php(56): CodeIgniter\Boot::bootWeb(Object(Config\Paths))
CRITICAL - 2025-06-18 01:27:35 --> [Caused by] CodeIgniter\Database\Exceptions\DatabaseException: Unknown column 'id_usuario' in 'where clause'
in SYSTEMPATH\Database\MySQLi\Connection.php on line 332.
 1 SYSTEMPATH\Database\BaseConnection.php(738): CodeIgniter\Database\MySQLi\Connection->execute('SELECT *
FROM `carrito`
WHERE `id_usuario` = \'4\'')
 2 SYSTEMPATH\Database\BaseConnection.php(652): CodeIgniter\Database\BaseConnection->simpleQuery('SELECT *
FROM `carrito`
WHERE `id_usuario` = \'4\'')
 3 SYSTEMPATH\Database\BaseBuilder.php(1649): CodeIgniter\Database\BaseConnection->query('SELECT *
FROM `carrito`
WHERE `id_usuario` = :id_usuario:', [...], false)
 4 SYSTEMPATH\Model.php(286): CodeIgniter\Database\BaseBuilder->get()
 5 SYSTEMPATH\BaseModel.php(675): CodeIgniter\Model->doFindAll(0, 0)
 6 APPPATH\Controllers\CarritoController.php(117): CodeIgniter\BaseModel->findAll()
 7 SYSTEMPATH\CodeIgniter.php(933): App\Controllers\CarritoController->verCarrito()
 8 SYSTEMPATH\CodeIgniter.php(507): CodeIgniter\CodeIgniter->runController(Object(App\Controllers\CarritoController))
 9 SYSTEMPATH\CodeIgniter.php(354): CodeIgniter\CodeIgniter->handleRequest(null, Object(Config\Cache), false)
10 SYSTEMPATH\Boot.php(334): CodeIgniter\CodeIgniter->run()
11 SYSTEMPATH\Boot.php(67): CodeIgniter\Boot::runCodeIgniter(Object(CodeIgniter\CodeIgniter))
12 FCPATH\index.php(56): CodeIgniter\Boot::bootWeb(Object(Config\Paths))
CRITICAL - 2025-06-18 01:27:35 --> [Caused by] mysqli_sql_exception: Unknown column 'id_usuario' in 'where clause'
in SYSTEMPATH\Database\MySQLi\Connection.php on line 327.
 1 SYSTEMPATH\Database\MySQLi\Connection.php(327): mysqli->query('SELECT *
FROM `carrito`
WHERE `id_usuario` = \'4\'', 0)
 2 SYSTEMPATH\Database\BaseConnection.php(738): CodeIgniter\Database\MySQLi\Connection->execute('SELECT *
FROM `carrito`
WHERE `id_usuario` = \'4\'')
 3 SYSTEMPATH\Database\BaseConnection.php(652): CodeIgniter\Database\BaseConnection->simpleQuery('SELECT *
FROM `carrito`
WHERE `id_usuario` = \'4\'')
 4 SYSTEMPATH\Database\BaseBuilder.php(1649): CodeIgniter\Database\BaseConnection->query('SELECT *
FROM `carrito`
WHERE `id_usuario` = :id_usuario:', [...], false)
 5 SYSTEMPATH\Model.php(286): CodeIgniter\Database\BaseBuilder->get()
 6 SYSTEMPATH\BaseModel.php(675): CodeIgniter\Model->doFindAll(0, 0)
 7 APPPATH\Controllers\CarritoController.php(117): CodeIgniter\BaseModel->findAll()
 8 SYSTEMPATH\CodeIgniter.php(933): App\Controllers\CarritoController->verCarrito()
 9 SYSTEMPATH\CodeIgniter.php(507): CodeIgniter\CodeIgniter->runController(Object(App\Controllers\CarritoController))
10 SYSTEMPATH\CodeIgniter.php(354): CodeIgniter\CodeIgniter->handleRequest(null, Object(Config\Cache), false)
11 SYSTEMPATH\Boot.php(334): CodeIgniter\CodeIgniter->run()
12 SYSTEMPATH\Boot.php(67): CodeIgniter\Boot::runCodeIgniter(Object(CodeIgniter\CodeIgniter))
13 FCPATH\index.php(56): CodeIgniter\Boot::bootWeb(Object(Config\Paths))
DEBUG - 2025-06-18 01:27:40 --> Session: Class initialized using 'CodeIgniter\Session\Handlers\FileHandler' driver.
DEBUG - 2025-06-18 01:27:40 --> Session: Class initialized using 'CodeIgniter\Session\Handlers\FileHandler' driver.
DEBUG - 2025-06-18 01:27:47 --> Session: Class initialized using 'CodeIgniter\Session\Handlers\FileHandler' driver.
INFO - 2025-06-18 01:27:47 --> Cart Class Initialized
DEBUG - 2025-06-18 01:27:49 --> Session: Class initialized using 'CodeIgniter\Session\Handlers\FileHandler' driver.
DEBUG - 2025-06-18 01:27:53 --> Session: Class initialized using 'CodeIgniter\Session\Handlers\FileHandler' driver.
INFO - 2025-06-18 01:27:55 --> CSRF token verified.
DEBUG - 2025-06-18 01:27:55 --> Session: Class initialized using 'CodeIgniter\Session\Handlers\FileHandler' driver.
INFO - 2025-06-18 01:27:55 --> Cart Class Initialized
DEBUG - 2025-06-18 01:27:55 --> Session: Class initialized using 'CodeIgniter\Session\Handlers\FileHandler' driver.
INFO - 2025-06-18 01:27:55 --> Cart Class Initialized
DEBUG - 2025-06-18 01:34:36 --> Session: Class initialized using 'CodeIgniter\Session\Handlers\FileHandler' driver.
INFO - 2025-06-18 01:34:36 --> Cart Class Initialized
DEBUG - 2025-06-18 01:41:57 --> Session: Class initialized using 'CodeIgniter\Session\Handlers\FileHandler' driver.
INFO - 2025-06-18 01:41:57 --> Cart Class Initialized
DEBUG - 2025-06-18 01:42:02 --> Session: Class initialized using 'CodeIgniter\Session\Handlers\FileHandler' driver.
DEBUG - 2025-06-18 01:42:05 --> Session: Class initialized using 'CodeIgniter\Session\Handlers\FileHandler' driver.
INFO - 2025-06-18 01:43:12 --> CSRF token verified.
DEBUG - 2025-06-18 01:43:12 --> Session: Class initialized using 'CodeIgniter\Session\Handlers\FileHandler' driver.
INFO - 2025-06-18 01:43:12 --> Cart Class Initialized
DEBUG - 2025-06-18 01:43:12 --> Session: Class initialized using 'CodeIgniter\Session\Handlers\FileHandler' driver.
INFO - 2025-06-18 01:43:12 --> Cart Class Initialized
DEBUG - 2025-06-18 01:43:15 --> Session: Class initialized using 'CodeIgniter\Session\Handlers\FileHandler' driver.
DEBUG - 2025-06-18 01:43:17 --> Session: Class initialized using 'CodeIgniter\Session\Handlers\FileHandler' driver.
INFO - 2025-06-18 01:43:20 --> CSRF token verified.
DEBUG - 2025-06-18 01:43:20 --> Session: Class initialized using 'CodeIgniter\Session\Handlers\FileHandler' driver.
INFO - 2025-06-18 01:43:20 --> Cart Class Initialized
DEBUG - 2025-06-18 01:43:20 --> Session: Class initialized using 'CodeIgniter\Session\Handlers\FileHandler' driver.
INFO - 2025-06-18 01:43:20 --> Cart Class Initialized
DEBUG - 2025-06-18 01:43:30 --> Session: Class initialized using 'CodeIgniter\Session\Handlers\FileHandler' driver.
DEBUG - 2025-06-18 01:43:32 --> Session: Class initialized using 'CodeIgniter\Session\Handlers\FileHandler' driver.
INFO - 2025-06-18 01:43:41 --> CSRF token verified.
DEBUG - 2025-06-18 01:43:41 --> Session: Class initialized using 'CodeIgniter\Session\Handlers\FileHandler' driver.
INFO - 2025-06-18 01:43:41 --> Cart Class Initialized
DEBUG - 2025-06-18 01:43:41 --> Session: Class initialized using 'CodeIgniter\Session\Handlers\FileHandler' driver.
INFO - 2025-06-18 01:43:41 --> Cart Class Initialized
DEBUG - 2025-06-18 01:45:24 --> Session: Class initialized using 'CodeIgniter\Session\Handlers\FileHandler' driver.
DEBUG - 2025-06-18 01:45:29 --> Session: Class initialized using 'CodeIgniter\Session\Handlers\FileHandler' driver.
INFO - 2025-06-18 01:45:35 --> CSRF token verified.
DEBUG - 2025-06-18 01:45:35 --> Session: Class initialized using 'CodeIgniter\Session\Handlers\FileHandler' driver.
INFO - 2025-06-18 01:45:35 --> Cart Class Initialized
DEBUG - 2025-06-18 01:45:35 --> Session: Class initialized using 'CodeIgniter\Session\Handlers\FileHandler' driver.
INFO - 2025-06-18 01:45:35 --> Cart Class Initialized
DEBUG - 2025-06-18 01:49:44 --> Session: Class initialized using 'CodeIgniter\Session\Handlers\FileHandler' driver.
INFO - 2025-06-18 01:49:44 --> Cart Class Initialized
DEBUG - 2025-06-18 01:49:48 --> Session: Class initialized using 'CodeIgniter\Session\Handlers\FileHandler' driver.
DEBUG - 2025-06-18 01:49:51 --> Session: Class initialized using 'CodeIgniter\Session\Handlers\FileHandler' driver.
DEBUG - 2025-06-18 01:49:53 --> Session: Class initialized using 'CodeIgniter\Session\Handlers\FileHandler' driver.
INFO - 2025-06-18 01:49:53 --> Cart Class Initialized
DEBUG - 2025-06-18 01:49:55 --> Session: Class initialized using 'CodeIgniter\Session\Handlers\FileHandler' driver.
DEBUG - 2025-06-18 01:49:56 --> Session: Class initialized using 'CodeIgniter\Session\Handlers\FileHandler' driver.
INFO - 2025-06-18 01:49:58 --> CSRF token verified.
DEBUG - 2025-06-18 01:49:58 --> Session: Class initialized using 'CodeIgniter\Session\Handlers\FileHandler' driver.
INFO - 2025-06-18 01:49:58 --> Cart Class Initialized
CRITICAL - 2025-06-18 01:49:58 --> Error: Cannot use object of type CodeIgniterCart\Cart as array
[Method: POST, Route: agregarAlCarrito/9]
in APPPATH\Controllers\CarritoController.php on line 54.
 1 SYSTEMPATH\CodeIgniter.php(933): App\Controllers\CarritoController->agregarAlCarrito('9')
 2 SYSTEMPATH\CodeIgniter.php(507): CodeIgniter\CodeIgniter->runController(Object(App\Controllers\CarritoController))
 3 SYSTEMPATH\CodeIgniter.php(354): CodeIgniter\CodeIgniter->handleRequest(null, Object(Config\Cache), false)
 4 SYSTEMPATH\Boot.php(334): CodeIgniter\CodeIgniter->run()
 5 SYSTEMPATH\Boot.php(67): CodeIgniter\Boot::runCodeIgniter(Object(CodeIgniter\CodeIgniter))
 6 FCPATH\index.php(56): CodeIgniter\Boot::bootWeb(Object(Config\Paths))
INFO - 2025-06-18 01:52:20 --> CSRF token verified.
DEBUG - 2025-06-18 01:52:20 --> Session: Class initialized using 'CodeIgniter\Session\Handlers\FileHandler' driver.
INFO - 2025-06-18 01:52:20 --> Cart Class Initialized
CRITICAL - 2025-06-18 01:52:20 --> ErrorException: Undefined property: CodeIgniterCart\Cart::$qty
[Method: POST, Route: agregarAlCarrito/9]
in APPPATH\Controllers\CarritoController.php on line 54.
 1 APPPATH\Controllers\CarritoController.php(54): CodeIgniter\Debug\Exceptions->errorHandler(2, 'Undefined property: CodeIgniterCart\\Cart::$qty', 'C:\\xampp\\htdocs\\proyecto_GonzalezMauro_GomezClara\\app\\Controllers\\CarritoController.php', 54)
 2 SYSTEMPATH\CodeIgniter.php(933): App\Controllers\CarritoController->agregarAlCarrito('9')
 3 SYSTEMPATH\CodeIgniter.php(507): CodeIgniter\CodeIgniter->runController(Object(App\Controllers\CarritoController))
 4 SYSTEMPATH\CodeIgniter.php(354): CodeIgniter\CodeIgniter->handleRequest(null, Object(Config\Cache), false)
 5 SYSTEMPATH\Boot.php(334): CodeIgniter\CodeIgniter->run()
 6 SYSTEMPATH\Boot.php(67): CodeIgniter\Boot::runCodeIgniter(Object(CodeIgniter\CodeIgniter))
 7 FCPATH\index.php(56): CodeIgniter\Boot::bootWeb(Object(Config\Paths))
INFO - 2025-06-18 01:54:53 --> CSRF token verified.
DEBUG - 2025-06-18 01:54:53 --> Session: Class initialized using 'CodeIgniter\Session\Handlers\FileHandler' driver.
INFO - 2025-06-18 01:54:53 --> Cart Class Initialized
CRITICAL - 2025-06-18 01:54:53 --> Error: Call to undefined method CodeIgniterCart\Cart::getQuantity()
[Method: POST, Route: agregarAlCarrito/9]
in APPPATH\Controllers\CarritoController.php on line 54.
 1 SYSTEMPATH\CodeIgniter.php(933): App\Controllers\CarritoController->agregarAlCarrito('9')
 2 SYSTEMPATH\CodeIgniter.php(507): CodeIgniter\CodeIgniter->runController(Object(App\Controllers\CarritoController))
 3 SYSTEMPATH\CodeIgniter.php(354): CodeIgniter\CodeIgniter->handleRequest(null, Object(Config\Cache), false)
 4 SYSTEMPATH\Boot.php(334): CodeIgniter\CodeIgniter->run()
 5 SYSTEMPATH\Boot.php(67): CodeIgniter\Boot::runCodeIgniter(Object(CodeIgniter\CodeIgniter))
 6 FCPATH\index.php(56): CodeIgniter\Boot::bootWeb(Object(Config\Paths))
INFO - 2025-06-18 01:56:13 --> CSRF token verified.
DEBUG - 2025-06-18 01:56:13 --> Session: Class initialized using 'CodeIgniter\Session\Handlers\FileHandler' driver.
INFO - 2025-06-18 01:56:13 --> Cart Class Initialized
DEBUG - 2025-06-18 01:56:14 --> Session: Class initialized using 'CodeIgniter\Session\Handlers\FileHandler' driver.
INFO - 2025-06-18 01:56:16 --> CSRF token verified.
DEBUG - 2025-06-18 01:56:16 --> Session: Class initialized using 'CodeIgniter\Session\Handlers\FileHandler' driver.
INFO - 2025-06-18 01:56:16 --> Cart Class Initialized
DEBUG - 2025-06-18 01:56:17 --> Session: Class initialized using 'CodeIgniter\Session\Handlers\FileHandler' driver.
INFO - 2025-06-18 01:56:48 --> CSRF token verified.
DEBUG - 2025-06-18 01:56:48 --> Session: Class initialized using 'CodeIgniter\Session\Handlers\FileHandler' driver.
INFO - 2025-06-18 01:56:48 --> Cart Class Initialized
DEBUG - 2025-06-18 01:56:50 --> Session: Class initialized using 'CodeIgniter\Session\Handlers\FileHandler' driver.
DEBUG - 2025-06-18 01:57:10 --> Session: Class initialized using 'CodeIgniter\Session\Handlers\FileHandler' driver.
INFO - 2025-06-18 01:57:10 --> Cart Class Initialized
DEBUG - 2025-06-18 01:59:22 --> Session: Class initialized using 'CodeIgniter\Session\Handlers\FileHandler' driver.
INFO - 2025-06-18 01:59:22 --> Cart Class Initialized
DEBUG - 2025-06-18 01:59:24 --> Session: Class initialized using 'CodeIgniter\Session\Handlers\FileHandler' driver.
DEBUG - 2025-06-18 01:59:27 --> Session: Class initialized using 'CodeIgniter\Session\Handlers\FileHandler' driver.
INFO - 2025-06-18 01:59:30 --> CSRF token verified.
DEBUG - 2025-06-18 01:59:30 --> Session: Class initialized using 'CodeIgniter\Session\Handlers\FileHandler' driver.
INFO - 2025-06-18 01:59:30 --> Cart Class Initialized
DEBUG - 2025-06-18 01:59:30 --> Session: Class initialized using 'CodeIgniter\Session\Handlers\FileHandler' driver.
INFO - 2025-06-18 01:59:37 --> CSRF token verified.
DEBUG - 2025-06-18 01:59:37 --> Session: Class initialized using 'CodeIgniter\Session\Handlers\FileHandler' driver.
INFO - 2025-06-18 01:59:37 --> Cart Class Initialized
DEBUG - 2025-06-18 01:59:37 --> Session: Class initialized using 'CodeIgniter\Session\Handlers\FileHandler' driver.
DEBUG - 2025-06-18 01:59:41 --> Session: Class initialized using 'CodeIgniter\Session\Handlers\FileHandler' driver.
INFO - 2025-06-18 01:59:48 --> CSRF token verified.
DEBUG - 2025-06-18 01:59:48 --> Session: Class initialized using 'CodeIgniter\Session\Handlers\FileHandler' driver.
DEBUG - 2025-06-18 01:59:48 --> Session: Class initialized using 'CodeIgniter\Session\Handlers\FileHandler' driver.
DEBUG - 2025-06-18 01:59:51 --> Session: Class initialized using 'CodeIgniter\Session\Handlers\FileHandler' driver.
DEBUG - 2025-06-18 01:59:51 --> Session: Class initialized using 'CodeIgniter\Session\Handlers\FileHandler' driver.
DEBUG - 2025-06-18 01:59:53 --> Session: Class initialized using 'CodeIgniter\Session\Handlers\FileHandler' driver.
INFO - 2025-06-18 01:59:53 --> Cart Class Initialized
DEBUG - 2025-06-18 01:59:56 --> Session: Class initialized using 'CodeIgniter\Session\Handlers\FileHandler' driver.
DEBUG - 2025-06-18 01:59:59 --> Session: Class initialized using 'CodeIgniter\Session\Handlers\FileHandler' driver.
INFO - 2025-06-18 02:00:09 --> CSRF token verified.
DEBUG - 2025-06-18 02:00:09 --> Session: Class initialized using 'CodeIgniter\Session\Handlers\FileHandler' driver.
INFO - 2025-06-18 02:00:09 --> Cart Class Initialized
DEBUG - 2025-06-18 02:00:09 --> Session: Class initialized using 'CodeIgniter\Session\Handlers\FileHandler' driver.
INFO - 2025-06-18 02:00:09 --> Cart Class Initialized
DEBUG - 2025-06-18 02:00:12 --> Session: Class initialized using 'CodeIgniter\Session\Handlers\FileHandler' driver.
DEBUG - 2025-06-18 02:00:14 --> Session: Class initialized using 'CodeIgniter\Session\Handlers\FileHandler' driver.
INFO - 2025-06-18 02:00:16 --> CSRF token verified.
DEBUG - 2025-06-18 02:00:16 --> Session: Class initialized using 'CodeIgniter\Session\Handlers\FileHandler' driver.
INFO - 2025-06-18 02:00:16 --> Cart Class Initialized
DEBUG - 2025-06-18 02:00:16 --> Session: Class initialized using 'CodeIgniter\Session\Handlers\FileHandler' driver.
INFO - 2025-06-18 02:00:16 --> Cart Class Initialized
DEBUG - 2025-06-18 02:00:19 --> Session: Class initialized using 'CodeIgniter\Session\Handlers\FileHandler' driver.
DEBUG - 2025-06-18 02:00:21 --> Session: Class initialized using 'CodeIgniter\Session\Handlers\FileHandler' driver.
INFO - 2025-06-18 02:00:22 --> CSRF token verified.
DEBUG - 2025-06-18 02:00:22 --> Session: Class initialized using 'CodeIgniter\Session\Handlers\FileHandler' driver.
INFO - 2025-06-18 02:00:22 --> Cart Class Initialized
DEBUG - 2025-06-18 02:00:22 --> Session: Class initialized using 'CodeIgniter\Session\Handlers\FileHandler' driver.
DEBUG - 2025-06-18 02:00:29 --> Session: Class initialized using 'CodeIgniter\Session\Handlers\FileHandler' driver.
INFO - 2025-06-18 02:00:29 --> Cart Class Initialized
DEBUG - 2025-06-18 02:01:18 --> Session: Class initialized using 'CodeIgniter\Session\Handlers\FileHandler' driver.
INFO - 2025-06-18 02:01:29 --> CSRF token verified.
DEBUG - 2025-06-18 02:01:29 --> Session: Class initialized using 'CodeIgniter\Session\Handlers\FileHandler' driver.
DEBUG - 2025-06-18 02:01:29 --> Session: Class initialized using 'CodeIgniter\Session\Handlers\FileHandler' driver.
DEBUG - 2025-06-18 02:01:30 --> Session: Class initialized using 'CodeIgniter\Session\Handlers\FileHandler' driver.
DEBUG - 2025-06-18 02:01:31 --> Session: Class initialized using 'CodeIgniter\Session\Handlers\FileHandler' driver.
DEBUG - 2025-06-18 02:01:32 --> Session: Class initialized using 'CodeIgniter\Session\Handlers\FileHandler' driver.
INFO - 2025-06-18 02:01:32 --> Cart Class Initialized
DEBUG - 2025-06-18 02:01:34 --> Session: Class initialized using 'CodeIgniter\Session\Handlers\FileHandler' driver.
DEBUG - 2025-06-18 02:01:36 --> Session: Class initialized using 'CodeIgniter\Session\Handlers\FileHandler' driver.
INFO - 2025-06-18 02:01:43 --> CSRF token verified.
DEBUG - 2025-06-18 02:01:43 --> Session: Class initialized using 'CodeIgniter\Session\Handlers\FileHandler' driver.
INFO - 2025-06-18 02:01:43 --> Cart Class Initialized
DEBUG - 2025-06-18 02:01:43 --> Session: Class initialized using 'CodeIgniter\Session\Handlers\FileHandler' driver.
INFO - 2025-06-18 02:01:43 --> Cart Class Initialized
DEBUG - 2025-06-18 02:01:45 --> Session: Class initialized using 'CodeIgniter\Session\Handlers\FileHandler' driver.
DEBUG - 2025-06-18 02:01:47 --> Session: Class initialized using 'CodeIgniter\Session\Handlers\FileHandler' driver.
INFO - 2025-06-18 02:01:49 --> CSRF token verified.
DEBUG - 2025-06-18 02:01:49 --> Session: Class initialized using 'CodeIgniter\Session\Handlers\FileHandler' driver.
INFO - 2025-06-18 02:01:49 --> Cart Class Initialized
DEBUG - 2025-06-18 02:01:49 --> Session: Class initialized using 'CodeIgniter\Session\Handlers\FileHandler' driver.
INFO - 2025-06-18 02:01:49 --> Cart Class Initialized
DEBUG - 2025-06-18 02:01:52 --> Session: Class initialized using 'CodeIgniter\Session\Handlers\FileHandler' driver.
DEBUG - 2025-06-18 02:01:54 --> Session: Class initialized using 'CodeIgniter\Session\Handlers\FileHandler' driver.
INFO - 2025-06-18 02:01:55 --> CSRF token verified.
DEBUG - 2025-06-18 02:01:55 --> Session: Class initialized using 'CodeIgniter\Session\Handlers\FileHandler' driver.
INFO - 2025-06-18 02:01:55 --> Cart Class Initialized
DEBUG - 2025-06-18 02:01:55 --> Session: Class initialized using 'CodeIgniter\Session\Handlers\FileHandler' driver.
DEBUG - 2025-06-18 02:02:06 --> Session: Class initialized using 'CodeIgniter\Session\Handlers\FileHandler' driver.
INFO - 2025-06-18 02:02:06 --> Cart Class Initialized
DEBUG - 2025-06-18 02:02:16 --> Session: Class initialized using 'CodeIgniter\Session\Handlers\FileHandler' driver.
INFO - 2025-06-18 02:02:23 --> CSRF token verified.
DEBUG - 2025-06-18 02:02:23 --> Session: Class initialized using 'CodeIgniter\Session\Handlers\FileHandler' driver.
DEBUG - 2025-06-18 02:02:24 --> Session: Class initialized using 'CodeIgniter\Session\Handlers\FileHandler' driver.
DEBUG - 2025-06-18 02:02:26 --> Session: Class initialized using 'CodeIgniter\Session\Handlers\FileHandler' driver.
INFO - 2025-06-18 02:02:26 --> Cart Class Initialized
DEBUG - 2025-06-18 02:02:28 --> Session: Class initialized using 'CodeIgniter\Session\Handlers\FileHandler' driver.
DEBUG - 2025-06-18 02:02:31 --> Session: Class initialized using 'CodeIgniter\Session\Handlers\FileHandler' driver.
DEBUG - 2025-06-18 02:02:32 --> Session: Class initialized using 'CodeIgniter\Session\Handlers\FileHandler' driver.
DEBUG - 2025-06-18 02:02:34 --> Session: Class initialized using 'CodeIgniter\Session\Handlers\FileHandler' driver.
INFO - 2025-06-18 02:02:34 --> Cart Class Initialized
DEBUG - 2025-06-18 02:02:36 --> Session: Class initialized using 'CodeIgniter\Session\Handlers\FileHandler' driver.
DEBUG - 2025-06-18 02:02:37 --> Session: Class initialized using 'CodeIgniter\Session\Handlers\FileHandler' driver.
INFO - 2025-06-18 02:02:43 --> CSRF token verified.
DEBUG - 2025-06-18 02:02:43 --> Session: Class initialized using 'CodeIgniter\Session\Handlers\FileHandler' driver.
INFO - 2025-06-18 02:02:43 --> Cart Class Initialized
DEBUG - 2025-06-18 02:02:43 --> Session: Class initialized using 'CodeIgniter\Session\Handlers\FileHandler' driver.
INFO - 2025-06-18 02:02:43 --> Cart Class Initialized
DEBUG - 2025-06-18 02:02:47 --> Session: Class initialized using 'CodeIgniter\Session\Handlers\FileHandler' driver.
DEBUG - 2025-06-18 02:02:48 --> Session: Class initialized using 'CodeIgniter\Session\Handlers\FileHandler' driver.
INFO - 2025-06-18 02:02:52 --> CSRF token verified.
DEBUG - 2025-06-18 02:02:52 --> Session: Class initialized using 'CodeIgniter\Session\Handlers\FileHandler' driver.
INFO - 2025-06-18 02:02:52 --> Cart Class Initialized
DEBUG - 2025-06-18 02:02:52 --> Session: Class initialized using 'CodeIgniter\Session\Handlers\FileHandler' driver.
