CRITICAL - 2025-05-25 21:29:25 --> ParseError: syntax error, unexpected token "[", expecting identifier or variable or "{" or "$"
[Method: GET, Route: catalogo]
in APPPATH\Views\catalogo.php on line 17.
 1 SYSTEMPATH\View\View.php(227): CodeIgniter\View\View->CodeIgniter\View\{closure}()
 2 SYSTEMPATH\Common.php(1173): CodeIgniter\View\View->render('catalogo', [], true)
 3 APPPATH\Controllers\Home.php(21): view('catalogo')
 4 SYSTEMPATH\CodeIgniter.php(933): App\Controllers\Home->catalogo()
 5 SYSTEMPATH\CodeIgniter.php(507): CodeIgniter\CodeIgniter->runController(Object(App\Controllers\Home))
 6 SYSTEMPATH\CodeIgniter.php(354): CodeIgniter\CodeIgniter->handleRequest(null, Object(Config\Cache), false)
 7 SYSTEMPATH\Boot.php(334): CodeIgniter\CodeIgniter->run()
 8 SYSTEMPATH\Boot.php(67): CodeIgniter\Boot::runCodeIgniter(Object(CodeIgniter\CodeIgniter))
 9 FCPATH\index.php(56): CodeIgniter\Boot::bootWeb(Object(Config\Paths))
CRITICAL - 2025-05-25 21:29:28 --> ParseError: syntax error, unexpected token "[", expecting identifier or variable or "{" or "$"
[Method: GET, Route: catalogo]
in APPPATH\Views\catalogo.php on line 17.
 1 SYSTEMPATH\View\View.php(227): CodeIgniter\View\View->CodeIgniter\View\{closure}()
 2 SYSTEMPATH\Common.php(1173): CodeIgniter\View\View->render('catalogo', [], true)
 3 APPPATH\Controllers\Home.php(21): view('catalogo')
 4 SYSTEMPATH\CodeIgniter.php(933): App\Controllers\Home->catalogo()
 5 SYSTEMPATH\CodeIgniter.php(507): CodeIgniter\CodeIgniter->runController(Object(App\Controllers\Home))
 6 SYSTEMPATH\CodeIgniter.php(354): CodeIgniter\CodeIgniter->handleRequest(null, Object(Config\Cache), false)
 7 SYSTEMPATH\Boot.php(334): CodeIgniter\CodeIgniter->run()
 8 SYSTEMPATH\Boot.php(67): CodeIgniter\Boot::runCodeIgniter(Object(CodeIgniter\CodeIgniter))
 9 FCPATH\index.php(56): CodeIgniter\Boot::bootWeb(Object(Config\Paths))
